[0.935s] Invoking command in '/root/ros2_ws/build/hw1_pkg': PYTHONPATH=/root/ros2_ws/build/hw1_pkg/prefix_override:/usr/lib/python3/dist-packages/colcon_core/task/python/colcon_distutils_commands:/root/ros2_ws/install/hw1_pkg/lib/python3.10/site-packages:${PYTHONPATH} /usr/bin/python3 -W ignore:setup.py install is deprecated -W ignore:easy_install command is deprecated setup.py develop --editable --build-directory /root/ros2_ws/build/hw1_pkg/build --no-deps symlink_data
[1.262s] running develop
[1.435s] running egg_info
[1.436s] creating hw1_pkg.egg-info
[1.437s] writing hw1_pkg.egg-info/PKG-INFO
[1.439s] writing dependency_links to hw1_pkg.egg-info/dependency_links.txt
[1.440s] writing entry points to hw1_pkg.egg-info/entry_points.txt
[1.441s] writing requirements to hw1_pkg.egg-info/requires.txt
[1.442s] writing top-level names to hw1_pkg.egg-info/top_level.txt
[1.444s] writing manifest file 'hw1_pkg.egg-info/SOURCES.txt'
[1.457s] reading manifest file 'hw1_pkg.egg-info/SOURCES.txt'
[1.465s] writing manifest file 'hw1_pkg.egg-info/SOURCES.txt'
[1.467s] running build_ext
[1.468s] Creating /root/ros2_ws/install/hw1_pkg/lib/python3.10/site-packages/hw1-pkg.egg-link (link to .)
[1.477s] 
[1.478s] Installed /root/ros2_ws/build/hw1_pkg
[1.479s] running symlink_data
[1.481s] creating /root/ros2_ws/install/hw1_pkg/share/ament_index
[1.483s] creating /root/ros2_ws/install/hw1_pkg/share/ament_index/resource_index
[1.484s] creating /root/ros2_ws/install/hw1_pkg/share/ament_index/resource_index/packages
[1.485s] symbolically linking /root/ros2_ws/build/hw1_pkg/resource/hw1_pkg -> /root/ros2_ws/install/hw1_pkg/share/ament_index/resource_index/packages
[1.486s] symbolically linking /root/ros2_ws/build/hw1_pkg/package.xml -> /root/ros2_ws/install/hw1_pkg/share/hw1_pkg
[1.527s] Invoked command in '/root/ros2_ws/build/hw1_pkg' returned '0': PYTHONPATH=/root/ros2_ws/build/hw1_pkg/prefix_override:/usr/lib/python3/dist-packages/colcon_core/task/python/colcon_distutils_commands:/root/ros2_ws/install/hw1_pkg/lib/python3.10/site-packages:${PYTHONPATH} /usr/bin/python3 -W ignore:setup.py install is deprecated -W ignore:easy_install command is deprecated setup.py develop --editable --build-directory /root/ros2_ws/build/hw1_pkg/build --no-deps symlink_data
