[0.150s] DEBUG:colcon:Command line arguments: ['/usr/bin/colcon', 'build', '--symlink-install', '--packages-select', 'hw1_pkg']
[0.150s] DEBUG:colcon:Parsed command line arguments: Namespace(log_base=None, log_level=None, verb_name='build', build_base='build', install_base='install', merge_install=False, symlink_install=True, test_result_base=None, continue_on_error=False, executor='parallel', parallel_workers=8, event_handlers=None, ignore_user_meta=False, metas=['./colcon.meta'], base_paths=['.'], packages_ignore=None, packages_ignore_regex=None, paths=None, packages_up_to=None, packages_up_to_regex=None, packages_above=None, packages_above_and_dependencies=None, packages_above_depth=None, packages_select_by_dep=None, packages_skip_by_dep=None, packages_skip_up_to=None, packages_select_build_failed=False, packages_skip_build_finished=False, packages_select_test_failures=False, packages_skip_test_passed=False, packages_select=['hw1_pkg'], packages_skip=None, packages_select_regex=None, packages_skip_regex=None, packages_start=None, packages_end=None, cmake_args=None, cmake_target=None, cmake_target_skip_unavailable=False, cmake_clean_cache=False, cmake_clean_first=False, cmake_force_configure=False, ament_cmake_args=None, catkin_cmake_args=None, catkin_skip_building_tests=False, mixin_files=None, mixin=None, verb_parser=<colcon_mixin.mixin.mixin_argument.MixinArgumentDecorator object at 0x7f7e0ff236d0>, verb_extension=<colcon_core.verb.build.BuildVerb object at 0x7f7e0ff23160>, main=<bound method BuildVerb.main of <colcon_core.verb.build.BuildVerb object at 0x7f7e0ff23160>>, mixin_verb=('build',))
[0.332s] Level 1:colcon.colcon_core.package_discovery:discover_packages(colcon_meta) check parameters
[0.333s] INFO:colcon.colcon_metadata.package_discovery.colcon_meta:Using configuration from '/root/.colcon/metadata/default/Gazebo.meta'
[0.334s] INFO:colcon.colcon_metadata.package_discovery.colcon_meta:Using configuration from '/root/.colcon/metadata/default/fastdds.meta'
[0.335s] INFO:colcon.colcon_metadata.package_discovery.colcon_meta:Using configuration from '/root/.colcon/metadata/default/fastrtps.meta'
[0.336s] Level 1:colcon.colcon_core.package_discovery:discover_packages(recursive) check parameters
[0.336s] Level 1:colcon.colcon_core.package_discovery:discover_packages(ignore) check parameters
[0.336s] Level 1:colcon.colcon_core.package_discovery:discover_packages(path) check parameters
[0.336s] Level 1:colcon.colcon_core.package_discovery:discover_packages(colcon_meta) discover
[0.337s] Level 1:colcon.colcon_core.package_discovery:discover_packages(recursive) discover
[0.337s] INFO:colcon.colcon_core.package_discovery:Crawling recursively for packages in '/root/ros2_ws'
[0.338s] Level 1:colcon.colcon_core.package_identification:_identify(.) by extensions ['ignore', 'ignore_ament_install']
[0.338s] Level 1:colcon.colcon_core.package_identification:_identify(.) by extension 'ignore'
[0.339s] Level 1:colcon.colcon_core.package_identification:_identify(.) by extension 'ignore_ament_install'
[0.339s] Level 1:colcon.colcon_core.package_identification:_identify(.) by extensions ['colcon_pkg']
[0.339s] Level 1:colcon.colcon_core.package_identification:_identify(.) by extension 'colcon_pkg'
[0.340s] Level 1:colcon.colcon_core.package_identification:_identify(.) by extensions ['colcon_meta']
[0.340s] Level 1:colcon.colcon_core.package_identification:_identify(.) by extension 'colcon_meta'
[0.340s] Level 1:colcon.colcon_core.package_identification:_identify(.) by extensions ['ros']
[0.340s] Level 1:colcon.colcon_core.package_identification:_identify(.) by extension 'ros'
[0.355s] Level 1:colcon.colcon_core.package_identification:_identify(.) by extensions ['cmake', 'python']
[0.355s] Level 1:colcon.colcon_core.package_identification:_identify(.) by extension 'cmake'
[0.355s] Level 1:colcon.colcon_core.package_identification:_identify(.) by extension 'python'
[0.356s] Level 1:colcon.colcon_core.package_identification:_identify(.) by extensions ['python_setup_py']
[0.356s] Level 1:colcon.colcon_core.package_identification:_identify(.) by extension 'python_setup_py'
[0.357s] Level 1:colcon.colcon_core.package_identification:_identify(build) by extensions ['ignore', 'ignore_ament_install']
[0.357s] Level 1:colcon.colcon_core.package_identification:_identify(build) by extension 'ignore'
[0.358s] Level 1:colcon.colcon_core.package_identification:_identify(build) ignored
[0.359s] Level 1:colcon.colcon_core.package_identification:_identify(install) by extensions ['ignore', 'ignore_ament_install']
[0.359s] Level 1:colcon.colcon_core.package_identification:_identify(install) by extension 'ignore'
[0.359s] Level 1:colcon.colcon_core.package_identification:_identify(install) ignored
[0.360s] Level 1:colcon.colcon_core.package_identification:_identify(log) by extensions ['ignore', 'ignore_ament_install']
[0.361s] Level 1:colcon.colcon_core.package_identification:_identify(log) by extension 'ignore'
[0.361s] Level 1:colcon.colcon_core.package_identification:_identify(log) ignored
[0.362s] Level 1:colcon.colcon_core.package_identification:_identify(src) by extensions ['ignore', 'ignore_ament_install']
[0.362s] Level 1:colcon.colcon_core.package_identification:_identify(src) by extension 'ignore'
[0.363s] Level 1:colcon.colcon_core.package_identification:_identify(src) by extension 'ignore_ament_install'
[0.363s] Level 1:colcon.colcon_core.package_identification:_identify(src) by extensions ['colcon_pkg']
[0.363s] Level 1:colcon.colcon_core.package_identification:_identify(src) by extension 'colcon_pkg'
[0.363s] Level 1:colcon.colcon_core.package_identification:_identify(src) by extensions ['colcon_meta']
[0.364s] Level 1:colcon.colcon_core.package_identification:_identify(src) by extension 'colcon_meta'
[0.364s] Level 1:colcon.colcon_core.package_identification:_identify(src) by extensions ['ros']
[0.364s] Level 1:colcon.colcon_core.package_identification:_identify(src) by extension 'ros'
[0.365s] Level 1:colcon.colcon_core.package_identification:_identify(src) by extensions ['cmake', 'python']
[0.365s] Level 1:colcon.colcon_core.package_identification:_identify(src) by extension 'cmake'
[0.365s] Level 1:colcon.colcon_core.package_identification:_identify(src) by extension 'python'
[0.365s] Level 1:colcon.colcon_core.package_identification:_identify(src) by extensions ['python_setup_py']
[0.366s] Level 1:colcon.colcon_core.package_identification:_identify(src) by extension 'python_setup_py'
[0.367s] Level 1:colcon.colcon_core.package_identification:_identify(src/hw1_pkg) by extensions ['ignore', 'ignore_ament_install']
[0.367s] Level 1:colcon.colcon_core.package_identification:_identify(src/hw1_pkg) by extension 'ignore'
[0.367s] Level 1:colcon.colcon_core.package_identification:_identify(src/hw1_pkg) by extension 'ignore_ament_install'
[0.368s] Level 1:colcon.colcon_core.package_identification:_identify(src/hw1_pkg) by extensions ['colcon_pkg']
[0.368s] Level 1:colcon.colcon_core.package_identification:_identify(src/hw1_pkg) by extension 'colcon_pkg'
[0.368s] Level 1:colcon.colcon_core.package_identification:_identify(src/hw1_pkg) by extensions ['colcon_meta']
[0.368s] Level 1:colcon.colcon_core.package_identification:_identify(src/hw1_pkg) by extension 'colcon_meta'
[0.369s] Level 1:colcon.colcon_core.package_identification:_identify(src/hw1_pkg) by extensions ['ros']
[0.369s] Level 1:colcon.colcon_core.package_identification:_identify(src/hw1_pkg) by extension 'ros'
[0.374s] DEBUG:colcon.colcon_core.package_identification:Package 'src/hw1_pkg' with type 'ros.ament_python' and name 'hw1_pkg'
[0.374s] Level 1:colcon.colcon_core.package_discovery:discover_packages(recursive) using defaults
[0.374s] Level 1:colcon.colcon_core.package_discovery:discover_packages(ignore) discover
[0.375s] Level 1:colcon.colcon_core.package_discovery:discover_packages(ignore) using defaults
[0.375s] Level 1:colcon.colcon_core.package_discovery:discover_packages(path) discover
[0.375s] Level 1:colcon.colcon_core.package_discovery:discover_packages(path) using defaults
[0.403s] Level 5:colcon.colcon_core.verb:set package 'hw1_pkg' build argument 'cmake_args' from command line to 'None'
[0.403s] Level 5:colcon.colcon_core.verb:set package 'hw1_pkg' build argument 'cmake_target' from command line to 'None'
[0.403s] Level 5:colcon.colcon_core.verb:set package 'hw1_pkg' build argument 'cmake_target_skip_unavailable' from command line to 'False'
[0.403s] Level 5:colcon.colcon_core.verb:set package 'hw1_pkg' build argument 'cmake_clean_cache' from command line to 'False'
[0.404s] Level 5:colcon.colcon_core.verb:set package 'hw1_pkg' build argument 'cmake_clean_first' from command line to 'False'
[0.404s] Level 5:colcon.colcon_core.verb:set package 'hw1_pkg' build argument 'cmake_force_configure' from command line to 'False'
[0.404s] Level 5:colcon.colcon_core.verb:set package 'hw1_pkg' build argument 'ament_cmake_args' from command line to 'None'
[0.404s] Level 5:colcon.colcon_core.verb:set package 'hw1_pkg' build argument 'catkin_cmake_args' from command line to 'None'
[0.404s] Level 5:colcon.colcon_core.verb:set package 'hw1_pkg' build argument 'catkin_skip_building_tests' from command line to 'False'
[0.405s] DEBUG:colcon.colcon_core.verb:Building package 'hw1_pkg' with the following arguments: {'ament_cmake_args': None, 'build_base': '/root/ros2_ws/build/hw1_pkg', 'catkin_cmake_args': None, 'catkin_skip_building_tests': False, 'cmake_args': None, 'cmake_clean_cache': False, 'cmake_clean_first': False, 'cmake_force_configure': False, 'cmake_target': None, 'cmake_target_skip_unavailable': False, 'install_base': '/root/ros2_ws/install/hw1_pkg', 'merge_install': False, 'path': '/root/ros2_ws/src/hw1_pkg', 'symlink_install': True, 'test_result_base': None}
[0.405s] INFO:colcon.colcon_core.executor:Executing jobs using 'parallel' executor
[0.407s] DEBUG:colcon.colcon_parallel_executor.executor.parallel:run_until_complete
[0.407s] INFO:colcon.colcon_ros.task.ament_python.build:Building ROS package in '/root/ros2_ws/src/hw1_pkg' with build type 'ament_python'
[0.407s] Level 1:colcon.colcon_core.shell:create_environment_hook('hw1_pkg', 'ament_prefix_path')
[0.411s] INFO:colcon.colcon_core.plugin_system:Skipping extension 'colcon_core.shell.bat': Not used on non-Windows systems
[0.411s] INFO:colcon.colcon_core.shell:Creating environment hook '/root/ros2_ws/install/hw1_pkg/share/hw1_pkg/hook/ament_prefix_path.ps1'
[0.414s] INFO:colcon.colcon_core.shell:Creating environment descriptor '/root/ros2_ws/install/hw1_pkg/share/hw1_pkg/hook/ament_prefix_path.dsv'
[0.415s] INFO:colcon.colcon_core.shell:Creating environment hook '/root/ros2_ws/install/hw1_pkg/share/hw1_pkg/hook/ament_prefix_path.sh'
[0.418s] INFO:colcon.colcon_core.shell:Skip shell extension 'powershell' for command environment: Not usable outside of PowerShell
[0.419s] DEBUG:colcon.colcon_core.shell:Skip shell extension 'dsv' for command environment
[0.771s] INFO:colcon.colcon_core.task.python.build:Building Python package in '/root/ros2_ws/src/hw1_pkg'
[0.772s] INFO:colcon.colcon_core.shell:Skip shell extension 'powershell' for command environment: Not usable outside of PowerShell
[0.772s] DEBUG:colcon.colcon_core.shell:Skip shell extension 'dsv' for command environment
[1.221s] DEBUG:colcon.colcon_core.event_handler.log_command:Invoking command in '/root/ros2_ws/build/hw1_pkg': PYTHONPATH=/root/ros2_ws/build/hw1_pkg/prefix_override:/usr/lib/python3/dist-packages/colcon_core/task/python/colcon_distutils_commands:/root/ros2_ws/install/hw1_pkg/lib/python3.10/site-packages:${PYTHONPATH} /usr/bin/python3 -W ignore:setup.py install is deprecated -W ignore:easy_install command is deprecated setup.py develop --editable --build-directory /root/ros2_ws/build/hw1_pkg/build --no-deps symlink_data
[1.817s] Level 1:colcon.colcon_core.shell:create_environment_hook('hw1_pkg', 'pythonpath_develop')
[1.817s] INFO:colcon.colcon_core.shell:Creating environment hook '/root/ros2_ws/build/hw1_pkg/share/hw1_pkg/hook/pythonpath_develop.ps1'
[1.818s] DEBUG:colcon.colcon_core.event_handler.log_command:Invoked command in '/root/ros2_ws/build/hw1_pkg' returned '0': PYTHONPATH=/root/ros2_ws/build/hw1_pkg/prefix_override:/usr/lib/python3/dist-packages/colcon_core/task/python/colcon_distutils_commands:/root/ros2_ws/install/hw1_pkg/lib/python3.10/site-packages:${PYTHONPATH} /usr/bin/python3 -W ignore:setup.py install is deprecated -W ignore:easy_install command is deprecated setup.py develop --editable --build-directory /root/ros2_ws/build/hw1_pkg/build --no-deps symlink_data
[1.820s] INFO:colcon.colcon_core.shell:Creating environment descriptor '/root/ros2_ws/build/hw1_pkg/share/hw1_pkg/hook/pythonpath_develop.dsv'
[1.821s] INFO:colcon.colcon_core.shell:Creating environment hook '/root/ros2_ws/build/hw1_pkg/share/hw1_pkg/hook/pythonpath_develop.sh'
[1.826s] Level 1:colcon.colcon_core.environment:checking '/root/ros2_ws/install/hw1_pkg' for CMake module files
[1.832s] Level 1:colcon.colcon_core.environment:checking '/root/ros2_ws/install/hw1_pkg' for CMake config files
[1.842s] Level 1:colcon.colcon_core.environment:checking '/root/ros2_ws/install/hw1_pkg/lib'
[1.842s] Level 1:colcon.colcon_core.environment:checking '/root/ros2_ws/install/hw1_pkg/bin'
[1.843s] Level 1:colcon.colcon_core.environment:checking '/root/ros2_ws/install/hw1_pkg/lib/pkgconfig/hw1_pkg.pc'
[1.843s] Level 1:colcon.colcon_core.environment:checking '/root/ros2_ws/install/hw1_pkg/lib/python3.10/site-packages'
[1.844s] Level 1:colcon.colcon_core.shell:create_environment_hook('hw1_pkg', 'pythonpath')
[1.844s] INFO:colcon.colcon_core.shell:Creating environment hook '/root/ros2_ws/install/hw1_pkg/share/hw1_pkg/hook/pythonpath.ps1'
[1.846s] INFO:colcon.colcon_core.shell:Creating environment descriptor '/root/ros2_ws/install/hw1_pkg/share/hw1_pkg/hook/pythonpath.dsv'
[1.847s] INFO:colcon.colcon_core.shell:Creating environment hook '/root/ros2_ws/install/hw1_pkg/share/hw1_pkg/hook/pythonpath.sh'
[1.849s] Level 1:colcon.colcon_core.environment:checking '/root/ros2_ws/install/hw1_pkg/bin'
[1.849s] Level 1:colcon.colcon_core.environment:create_environment_scripts_only(hw1_pkg)
[1.850s] INFO:colcon.colcon_core.shell:Creating package script '/root/ros2_ws/install/hw1_pkg/share/hw1_pkg/package.ps1'
[1.853s] INFO:colcon.colcon_core.shell:Creating package descriptor '/root/ros2_ws/install/hw1_pkg/share/hw1_pkg/package.dsv'
[1.854s] INFO:colcon.colcon_core.shell:Creating package script '/root/ros2_ws/install/hw1_pkg/share/hw1_pkg/package.sh'
[1.856s] INFO:colcon.colcon_core.shell:Creating package script '/root/ros2_ws/install/hw1_pkg/share/hw1_pkg/package.bash'
[1.859s] INFO:colcon.colcon_core.shell:Creating package script '/root/ros2_ws/install/hw1_pkg/share/hw1_pkg/package.zsh'
[1.861s] Level 1:colcon.colcon_core.environment:create_file_with_runtime_dependencies(/root/ros2_ws/install/hw1_pkg/share/colcon-core/packages/hw1_pkg)
[1.863s] DEBUG:colcon.colcon_parallel_executor.executor.parallel:closing loop
[1.863s] DEBUG:colcon.colcon_parallel_executor.executor.parallel:loop closed
[1.863s] DEBUG:colcon.colcon_parallel_executor.executor.parallel:run_until_complete finished with '0'
[1.864s] DEBUG:colcon.colcon_core.event_reactor:joining thread
[1.879s] INFO:colcon.colcon_core.plugin_system:Skipping extension 'colcon_notification.desktop_notification.notify_send': Could not find 'notify-send'
[1.879s] INFO:colcon.colcon_core.plugin_system:Skipping extension 'colcon_notification.desktop_notification.terminal_notifier': Not used on non-Darwin systems
[1.880s] INFO:colcon.colcon_core.plugin_system:Skipping extension 'colcon_notification.desktop_notification.win32': Not used on non-Windows systems
[1.880s] INFO:colcon.colcon_notification.desktop_notification:Sending desktop notification using 'notify2'
[1.881s] DEBUG:colcon.colcon_notification.desktop_notification.notify2:Failed to initialize notify2: org.freedesktop.DBus.Error.NotSupported: Unable to autolaunch a dbus-daemon without a $DISPLAY for X11
[1.882s] DEBUG:colcon.colcon_core.event_reactor:joined thread
[1.883s] INFO:colcon.colcon_core.shell:Creating prefix script '/root/ros2_ws/install/local_setup.ps1'
[1.887s] INFO:colcon.colcon_core.shell:Creating prefix util module '/root/ros2_ws/install/_local_setup_util_ps1.py'
[1.892s] INFO:colcon.colcon_core.shell:Creating prefix chain script '/root/ros2_ws/install/setup.ps1'
[1.898s] INFO:colcon.colcon_core.shell:Creating prefix script '/root/ros2_ws/install/local_setup.sh'
[1.902s] INFO:colcon.colcon_core.shell:Creating prefix util module '/root/ros2_ws/install/_local_setup_util_sh.py'
[1.905s] INFO:colcon.colcon_core.shell:Creating prefix chain script '/root/ros2_ws/install/setup.sh'
[1.911s] INFO:colcon.colcon_core.shell:Creating prefix script '/root/ros2_ws/install/local_setup.bash'
[1.913s] INFO:colcon.colcon_core.shell:Creating prefix chain script '/root/ros2_ws/install/setup.bash'
[1.919s] INFO:colcon.colcon_core.shell:Creating prefix script '/root/ros2_ws/install/local_setup.zsh'
[1.921s] INFO:colcon.colcon_core.shell:Creating prefix chain script '/root/ros2_ws/install/setup.zsh'
